<?xml version="1.0" encoding="UTF-8"?>
<!-- Generated by org.testng.reporters.JUnitXMLReporter -->
<testsuite ignored="0" hostname="DESKTOP-GQ1HDIT" failures="0" tests="4" name="Test" time="53.478" errors="0" timestamp="2022-09-07T11:57:34 EDT">
  <testcase classname="medicareTestCases.HomePageTest" name="verifyHomePageTitleTest" time="0.03"/>
  <testcase classname="medicareTestCases.LoginPageTest" name="loginPageTitleTest" time="0.152"/>
  <testcase classname="medicareTestCases.LoginPageTest" name="loginTest" time="1.981"/>
  <testcase classname="medicareTestCases.SignupPageTest" name="SignUpPageHeadingTitle" time="30.45"/>
</testsuite> <!-- Test -->
