<?xml version="1.0" encoding="UTF-8"?>
<!-- Generated by org.testng.reporters.JUnitXMLReporter -->
<testsuite ignored="0" hostname="DESKTOP-GQ1HDIT" failures="0" tests="4" name="Test" time="46.559" errors="0" timestamp="2022-09-01T12:12:30 EDT">
  <testcase classname="medicareTestCases.HomePageTest" name="verifyHomePageTitleTest" time="0.022"/>
  <testcase classname="medicareTestCases.LoginPageTest" name="loginPageTitleTest" time="0.026"/>
  <testcase classname="medicareTestCases.LoginPageTest" name="loginTest" time="2.112"/>
  <testcase classname="medicareTestCases.SignupPageTest" name="SignUpPageHeadingTitle" time="29.59"/>
</testsuite> <!-- Test -->
