<?xml version="1.0" encoding="UTF-8"?>
<!-- Generated by org.testng.reporters.JUnitXMLReporter -->
<testsuite hostname="DESKTOP-GQ1HDIT" ignored="0" name="Command line test" tests="4" failures="0" timestamp="2022-09-01T12:43:48 EDT" time="54.685" errors="0">
  <testcase name="verifyHomePageTitleTest" time="0.014" classname="medicareTestCases.HomePageTest"/>
  <testcase name="loginPageTitleTest" time="0.017" classname="medicareTestCases.LoginPageTest"/>
  <testcase name="loginTest" time="2.382" classname="medicareTestCases.LoginPageTest"/>
  <testcase name="SignUpPageHeadingTitle" time="30.637" classname="medicareTestCases.SignupPageTest"/>
</testsuite> <!-- Command line test -->
