<?xml version="1.0" encoding="UTF-8"?>
<!-- Generated by org.testng.reporters.JUnitXMLReporter -->
<testsuite hostname="DESKTOP-GQ1HDIT" ignored="0" name="Test" tests="4" failures="0" timestamp="2022-09-07T12:18:08 EDT" time="55.232" errors="0">
  <testcase name="verifyHomePageTitleTest" time="0.054" classname="medicareTestCases.HomePageTest"/>
  <testcase name="loginPageTitleTest" time="0.103" classname="medicareTestCases.LoginPageTest"/>
  <testcase name="loginTest" time="1.945" classname="medicareTestCases.LoginPageTest"/>
  <testcase name="SignUpPageHeadingTitle" time="30.464" classname="medicareTestCases.SignupPageTest"/>
</testsuite> <!-- Test -->
