<?xml version="1.0" encoding="UTF-8"?>
<!-- Generated by org.testng.reporters.JUnitXMLReporter -->
<testsuite hostname="DESKTOP-GQ1HDIT" ignored="0" name="Test" tests="4" failures="0" timestamp="2022-09-07T12:08:53 EDT" time="56.961" errors="0">
  <testcase name="verifyHomePageTitleTest" time="0.032" classname="medicareTestCases.HomePageTest"/>
  <testcase name="loginPageTitleTest" time="0.081" classname="medicareTestCases.LoginPageTest"/>
  <testcase name="loginTest" time="2.082" classname="medicareTestCases.LoginPageTest"/>
  <testcase name="SignUpPageHeadingTitle" time="30.98" classname="medicareTestCases.SignupPageTest"/>
</testsuite> <!-- Test -->
