<?xml version="1.0" encoding="UTF-8"?>
<testng-results ignored="0" total="4" passed="4" failed="0" skipped="0">
  <reporter-output>
  </reporter-output>
  <suite started-at="2022-09-07T11:56:40 EDT" name="Suite" finished-at="2022-09-07T11:57:34 EDT" duration-ms="53478">
    <groups>
    </groups>
    <test started-at="2022-09-07T11:56:40 EDT" name="Test" finished-at="2022-09-07T11:57:34 EDT" duration-ms="53478">
      <class name="medicareTestCases.LoginPageTest">
        <test-method is-config="true" signature="setUp()[pri:0, instance:medicareTestCases.LoginPageTest@3f6b0be5]" started-at="2022-09-07T11:56:48 EDT" name="setUp" finished-at="2022-09-07T11:56:53 EDT" duration-ms="4783" status="PASS">
          <reporter-output>
          </reporter-output>
        </test-method> <!-- setUp -->
        <test-method signature="loginPageTitleTest()[pri:0, instance:medicareTestCases.LoginPageTest@3f6b0be5]" started-at="2022-09-07T11:56:53 EDT" name="loginPageTitleTest" finished-at="2022-09-07T11:56:53 EDT" duration-ms="152" status="PASS">
          <reporter-output>
          </reporter-output>
        </test-method> <!-- loginPageTitleTest -->
        <test-method is-config="true" signature="tearDown()[pri:0, instance:medicareTestCases.LoginPageTest@3f6b0be5]" started-at="2022-09-07T11:56:53 EDT" name="tearDown" finished-at="2022-09-07T11:56:54 EDT" duration-ms="935" status="PASS">
          <reporter-output>
          </reporter-output>
        </test-method> <!-- tearDown -->
        <test-method is-config="true" signature="setUp()[pri:0, instance:medicareTestCases.LoginPageTest@3f6b0be5]" started-at="2022-09-07T11:56:54 EDT" name="setUp" finished-at="2022-09-07T11:56:57 EDT" duration-ms="3372" status="PASS">
          <reporter-output>
          </reporter-output>
        </test-method> <!-- setUp -->
        <test-method signature="loginTest()[pri:0, instance:medicareTestCases.LoginPageTest@3f6b0be5]" started-at="2022-09-07T11:56:57 EDT" name="loginTest" finished-at="2022-09-07T11:56:59 EDT" duration-ms="1981" status="PASS">
          <reporter-output>
          </reporter-output>
        </test-method> <!-- loginTest -->
        <test-method is-config="true" signature="tearDown()[pri:0, instance:medicareTestCases.LoginPageTest@3f6b0be5]" started-at="2022-09-07T11:56:59 EDT" name="tearDown" finished-at="2022-09-07T11:57:00 EDT" duration-ms="416" status="PASS">
          <reporter-output>
          </reporter-output>
        </test-method> <!-- tearDown -->
      </class> <!-- medicareTestCases.LoginPageTest -->
      <class name="medicareTestCases.SignupPageTest">
        <test-method is-config="true" signature="setUp()[pri:0, instance:medicareTestCases.SignupPageTest@611889f4]" started-at="2022-09-07T11:57:00 EDT" name="setUp" finished-at="2022-09-07T11:57:03 EDT" duration-ms="3021" status="PASS">
          <reporter-output>
          </reporter-output>
        </test-method> <!-- setUp -->
        <test-method signature="SignUpPageHeadingTitle()[pri:0, instance:medicareTestCases.SignupPageTest@611889f4]" started-at="2022-09-07T11:57:03 EDT" name="SignUpPageHeadingTitle" finished-at="2022-09-07T11:57:33 EDT" duration-ms="30450" status="PASS">
          <reporter-output>
          </reporter-output>
        </test-method> <!-- SignUpPageHeadingTitle -->
        <test-method is-config="true" signature="tearDown()[pri:0, instance:medicareTestCases.SignupPageTest@611889f4]" started-at="2022-09-07T11:57:33 EDT" name="tearDown" finished-at="2022-09-07T11:57:34 EDT" duration-ms="461" status="PASS">
          <reporter-output>
          </reporter-output>
        </test-method> <!-- tearDown -->
      </class> <!-- medicareTestCases.SignupPageTest -->
      <class name="medicareTestCases.HomePageTest">
        <test-method is-config="true" signature="setUp()[pri:0, instance:medicareTestCases.HomePageTest@759d26fb]" started-at="2022-09-07T11:56:40 EDT" name="setUp" finished-at="2022-09-07T11:56:47 EDT" duration-ms="6992" status="PASS">
          <reporter-output>
          </reporter-output>
        </test-method> <!-- setUp -->
        <test-method signature="verifyHomePageTitleTest()[pri:0, instance:medicareTestCases.HomePageTest@759d26fb]" started-at="2022-09-07T11:56:47 EDT" name="verifyHomePageTitleTest" finished-at="2022-09-07T11:56:47 EDT" duration-ms="30" status="PASS">
          <reporter-output>
          </reporter-output>
        </test-method> <!-- verifyHomePageTitleTest -->
        <test-method is-config="true" signature="tearDown()[pri:0, instance:medicareTestCases.HomePageTest@759d26fb]" started-at="2022-09-07T11:56:47 EDT" name="tearDown" finished-at="2022-09-07T11:56:48 EDT" duration-ms="802" status="PASS">
          <reporter-output>
          </reporter-output>
        </test-method> <!-- tearDown -->
      </class> <!-- medicareTestCases.HomePageTest -->
    </test> <!-- Test -->
  </suite> <!-- Suite -->
</testng-results>
