<?xml version="1.0" encoding="UTF-8"?>
<testng-results ignored="0" total="4" passed="3" failed="1" skipped="0">
  <reporter-output>
  </reporter-output>
  <suite started-at="2022-09-07T12:15:41 EDT" name="Suite" finished-at="2022-09-07T12:16:40 EDT" duration-ms="59351">
    <groups>
    </groups>
    <test started-at="2022-09-07T12:15:41 EDT" name="Test" finished-at="2022-09-07T12:16:40 EDT" duration-ms="59351">
      <class name="medicareTestCases.LoginPageTest">
        <test-method is-config="true" signature="setUp()[pri:0, instance:medicareTestCases.LoginPageTest@7bd4937b]" started-at="2022-09-07T12:15:53 EDT" name="setUp" finished-at="2022-09-07T12:15:57 EDT" duration-ms="4082" status="PASS">
          <reporter-output>
          </reporter-output>
        </test-method> <!-- setUp -->
        <test-method signature="loginPageTitleTest()[pri:0, instance:medicareTestCases.LoginPageTest@7bd4937b]" started-at="2022-09-07T12:15:57 EDT" name="loginPageTitleTest" finished-at="2022-09-07T12:15:57 EDT" duration-ms="52" status="PASS">
          <reporter-output>
          </reporter-output>
        </test-method> <!-- loginPageTitleTest -->
        <test-method is-config="true" signature="tearDown()[pri:0, instance:medicareTestCases.LoginPageTest@7bd4937b]" started-at="2022-09-07T12:15:57 EDT" name="tearDown" finished-at="2022-09-07T12:15:58 EDT" duration-ms="587" status="PASS">
          <reporter-output>
          </reporter-output>
        </test-method> <!-- tearDown -->
        <test-method is-config="true" signature="setUp()[pri:0, instance:medicareTestCases.LoginPageTest@7bd4937b]" started-at="2022-09-07T12:15:58 EDT" name="setUp" finished-at="2022-09-07T12:16:01 EDT" duration-ms="3465" status="PASS">
          <reporter-output>
          </reporter-output>
        </test-method> <!-- setUp -->
        <test-method signature="loginTest()[pri:0, instance:medicareTestCases.LoginPageTest@7bd4937b]" started-at="2022-09-07T12:16:01 EDT" name="loginTest" finished-at="2022-09-07T12:16:02 EDT" duration-ms="1235" status="FAIL">
          <exception class="org.openqa.selenium.ElementClickInterceptedException">
            <message>
              <![CDATA[element click intercepted: Element <li id="login">...</li> is not clickable at point (1161, 32). Other element would receive the click: <div class="se-pre-con"></div>
  (Session info: chrome=104.0.5112.80)
Build info: version: '3.141.59', revision: 'e82be7d358', time: '2018-11-14T08:17:03'
System info: host: 'DESKTOP-GQ1HDIT', ip: '192.168.2.19', os.name: 'Windows 10', os.arch: 'amd64', os.version: '10.0', java.version: '17.0.1'
Driver info: org.openqa.selenium.chrome.ChromeDriver
Capabilities {acceptInsecureCerts: false, browserName: chrome, browserVersion: 104.0.5112.80, chrome: {chromedriverVersion: 104.0.5112.20 (9ac43f954ebb..., userDataDir: C:\Users\Singh\AppData\Loca...}, goog:chromeOptions: {debuggerAddress: localhost:56724}, javascriptEnabled: true, networkConnectionEnabled: false, pageLoadStrategy: normal, platform: WINDOWS, platformName: WINDOWS, proxy: Proxy(), setWindowRect: true, strictFileInteractability: false, timeouts: {implicit: 0, pageLoad: 300000, script: 30000}, unhandledPromptBehavior: dismiss and notify, webauthn:extension:credBlob: true, webauthn:extension:largeBlob: true, webauthn:virtualAuthenticators: true}
Session ID: 7ca6079a53d0ec9eeae8e898147ea296]]>
            </message>
            <full-stacktrace>
              <![CDATA[org.openqa.selenium.ElementClickInterceptedException: element click intercepted: Element <li id="login">...</li> is not clickable at point (1161, 32). Other element would receive the click: <div class="se-pre-con"></div>
  (Session info: chrome=104.0.5112.80)
Build info: version: '3.141.59', revision: 'e82be7d358', time: '2018-11-14T08:17:03'
System info: host: 'DESKTOP-GQ1HDIT', ip: '192.168.2.19', os.name: 'Windows 10', os.arch: 'amd64', os.version: '10.0', java.version: '17.0.1'
Driver info: org.openqa.selenium.chrome.ChromeDriver
Capabilities {acceptInsecureCerts: false, browserName: chrome, browserVersion: 104.0.5112.80, chrome: {chromedriverVersion: 104.0.5112.20 (9ac43f954ebb..., userDataDir: C:\Users\Singh\AppData\Loca...}, goog:chromeOptions: {debuggerAddress: localhost:56724}, javascriptEnabled: true, networkConnectionEnabled: false, pageLoadStrategy: normal, platform: WINDOWS, platformName: WINDOWS, proxy: Proxy(), setWindowRect: true, strictFileInteractability: false, timeouts: {implicit: 0, pageLoad: 300000, script: 30000}, unhandledPromptBehavior: dismiss and notify, webauthn:extension:credBlob: true, webauthn:extension:largeBlob: true, webauthn:virtualAuthenticators: true}
Session ID: 7ca6079a53d0ec9eeae8e898147ea296
at java.base/jdk.internal.reflect.NativeConstructorAccessorImpl.newInstance0(Native Method)
at java.base/jdk.internal.reflect.NativeConstructorAccessorImpl.newInstance(NativeConstructorAccessorImpl.java:77)
at java.base/jdk.internal.reflect.DelegatingConstructorAccessorImpl.newInstance(DelegatingConstructorAccessorImpl.java:45)
at java.base/java.lang.reflect.Constructor.newInstanceWithCaller(Constructor.java:499)
at java.base/java.lang.reflect.Constructor.newInstance(Constructor.java:480)
at org.openqa.selenium.remote.http.W3CHttpResponseCodec.createException(W3CHttpResponseCodec.java:187)
at org.openqa.selenium.remote.http.W3CHttpResponseCodec.decode(W3CHttpResponseCodec.java:122)
at org.openqa.selenium.remote.http.W3CHttpResponseCodec.decode(W3CHttpResponseCodec.java:49)
at org.openqa.selenium.remote.HttpCommandExecutor.execute(HttpCommandExecutor.java:158)
at org.openqa.selenium.remote.service.DriverCommandExecutor.execute(DriverCommandExecutor.java:83)
at org.openqa.selenium.remote.RemoteWebDriver.execute(RemoteWebDriver.java:552)
at org.openqa.selenium.remote.RemoteWebElement.execute(RemoteWebElement.java:285)
at org.openqa.selenium.remote.RemoteWebElement.click(RemoteWebElement.java:84)
at java.base/jdk.internal.reflect.NativeMethodAccessorImpl.invoke0(Native Method)
at java.base/jdk.internal.reflect.NativeMethodAccessorImpl.invoke(NativeMethodAccessorImpl.java:77)
at java.base/jdk.internal.reflect.DelegatingMethodAccessorImpl.invoke(DelegatingMethodAccessorImpl.java:43)
at java.base/java.lang.reflect.Method.invoke(Method.java:568)
at org.openqa.selenium.support.pagefactory.internal.LocatingElementHandler.invoke(LocatingElementHandler.java:51)
at jdk.proxy2/jdk.proxy2.$Proxy11.click(Unknown Source)
at medicarePages.LoginPage.login(LoginPage.java:35)
at medicareTestCases.LoginPageTest.loginTest(LoginPageTest.java:35)
at java.base/jdk.internal.reflect.NativeMethodAccessorImpl.invoke0(Native Method)
at java.base/jdk.internal.reflect.NativeMethodAccessorImpl.invoke(NativeMethodAccessorImpl.java:77)
at java.base/jdk.internal.reflect.DelegatingMethodAccessorImpl.invoke(DelegatingMethodAccessorImpl.java:43)
at java.base/java.lang.reflect.Method.invoke(Method.java:568)
at org.testng.internal.invokers.MethodInvocationHelper.invokeMethod(MethodInvocationHelper.java:135)
at org.testng.internal.invokers.TestInvoker.invokeMethod(TestInvoker.java:673)
at org.testng.internal.invokers.TestInvoker.invokeTestMethod(TestInvoker.java:220)
at org.testng.internal.invokers.MethodRunner.runInSequence(MethodRunner.java:50)
at org.testng.internal.invokers.TestInvoker$MethodInvocationAgent.invoke(TestInvoker.java:945)
at org.testng.internal.invokers.TestInvoker.invokeTestMethods(TestInvoker.java:193)
at org.testng.internal.invokers.TestMethodWorker.invokeTestMethods(TestMethodWorker.java:146)
at org.testng.internal.invokers.TestMethodWorker.run(TestMethodWorker.java:128)
at java.base/java.util.ArrayList.forEach(ArrayList.java:1511)
at org.testng.TestRunner.privateRun(TestRunner.java:808)
at org.testng.TestRunner.run(TestRunner.java:603)
at org.testng.SuiteRunner.runTest(SuiteRunner.java:429)
at org.testng.SuiteRunner.runSequentially(SuiteRunner.java:423)
at org.testng.SuiteRunner.privateRun(SuiteRunner.java:383)
at org.testng.SuiteRunner.run(SuiteRunner.java:326)
at org.testng.SuiteRunnerWorker.runSuite(SuiteRunnerWorker.java:52)
at org.testng.SuiteRunnerWorker.run(SuiteRunnerWorker.java:95)
at org.testng.TestNG.runSuitesSequentially(TestNG.java:1249)
at org.testng.TestNG.runSuitesLocally(TestNG.java:1169)
at org.testng.TestNG.runSuites(TestNG.java:1092)
at org.testng.TestNG.run(TestNG.java:1060)
at org.testng.remote.AbstractRemoteTestNG.run(AbstractRemoteTestNG.java:115)
at org.testng.remote.RemoteTestNG.initAndRun(RemoteTestNG.java:251)
at org.testng.remote.RemoteTestNG.main(RemoteTestNG.java:77)
]]>
            </full-stacktrace>
          </exception> <!-- org.openqa.selenium.ElementClickInterceptedException -->
          <reporter-output>
          </reporter-output>
        </test-method> <!-- loginTest -->
        <test-method is-config="true" signature="tearDown()[pri:0, instance:medicareTestCases.LoginPageTest@7bd4937b]" started-at="2022-09-07T12:16:02 EDT" name="tearDown" finished-at="2022-09-07T12:16:03 EDT" duration-ms="353" status="PASS">
          <reporter-output>
          </reporter-output>
        </test-method> <!-- tearDown -->
      </class> <!-- medicareTestCases.LoginPageTest -->
      <class name="medicareTestCases.HomePageTest">
        <test-method is-config="true" signature="setUp()[pri:0, instance:medicareTestCases.HomePageTest@662b4c69]" started-at="2022-09-07T12:15:41 EDT" name="setUp" finished-at="2022-09-07T12:15:51 EDT" duration-ms="10333" status="PASS">
          <reporter-output>
          </reporter-output>
        </test-method> <!-- setUp -->
        <test-method signature="verifyHomePageTitleTest()[pri:0, instance:medicareTestCases.HomePageTest@662b4c69]" started-at="2022-09-07T12:15:51 EDT" name="verifyHomePageTitleTest" finished-at="2022-09-07T12:15:51 EDT" duration-ms="50" status="PASS">
          <reporter-output>
          </reporter-output>
        </test-method> <!-- verifyHomePageTitleTest -->
        <test-method is-config="true" signature="tearDown()[pri:0, instance:medicareTestCases.HomePageTest@662b4c69]" started-at="2022-09-07T12:15:51 EDT" name="tearDown" finished-at="2022-09-07T12:15:53 EDT" duration-ms="1410" status="PASS">
          <reporter-output>
          </reporter-output>
        </test-method> <!-- tearDown -->
      </class> <!-- medicareTestCases.HomePageTest -->
      <class name="medicareTestCases.SignupPageTest">
        <test-method is-config="true" signature="setUp()[pri:0, instance:medicareTestCases.SignupPageTest@21e360a]" started-at="2022-09-07T12:16:03 EDT" name="setUp" finished-at="2022-09-07T12:16:09 EDT" duration-ms="5869" status="PASS">
          <reporter-output>
          </reporter-output>
        </test-method> <!-- setUp -->
        <test-method signature="SignUpPageHeadingTitle()[pri:0, instance:medicareTestCases.SignupPageTest@21e360a]" started-at="2022-09-07T12:16:09 EDT" name="SignUpPageHeadingTitle" finished-at="2022-09-07T12:16:40 EDT" duration-ms="31298" status="PASS">
          <reporter-output>
          </reporter-output>
        </test-method> <!-- SignUpPageHeadingTitle -->
        <test-method is-config="true" signature="tearDown()[pri:0, instance:medicareTestCases.SignupPageTest@21e360a]" started-at="2022-09-07T12:16:40 EDT" name="tearDown" finished-at="2022-09-07T12:16:40 EDT" duration-ms="497" status="PASS">
          <reporter-output>
          </reporter-output>
        </test-method> <!-- tearDown -->
      </class> <!-- medicareTestCases.SignupPageTest -->
    </test> <!-- Test -->
  </suite> <!-- Suite -->
</testng-results>
